<?xml version="1.0" encoding="UTF-8"?>
<!-- Generated by org.testng.reporters.JUnitReportReporter -->
<testsuite hostname="DESKTOP-TIVA8EK" failures="0" tests="2" name="OpenCart.TS_01_RegistrationFunctionality" time="9.594" errors="0" timestamp="2024-08-12T18:49:06 PKT" skipped="0">
  <testcase classname="OpenCart.TS_01_RegistrationFunctionality" name="TC_RF_001" time="7.251"/>
  <testcase classname="OpenCart.TS_01_RegistrationFunctionality" name="TC_RF_007" time="2.343"/>
</testsuite> <!-- OpenCart.TS_01_RegistrationFunctionality -->
