<?xml version="1.0" encoding="UTF-8"?>
<!-- Generated by org.testng.reporters.JUnitReportReporter -->
<testsuite hostname="DESKTOP-TIVA8EK" failures="0" tests="10" name="OpenCart.Validate_Registration_functionality" time="22.428" errors="0" timestamp="2024-08-01T20:51:56 PKT" skipped="0">
  <testcase classname="OpenCart.Validate_Registration_functionality" name="TC_RF_007" time="1.839"/>
  <testcase classname="OpenCart.Validate_Registration_functionality" name="TC_RF_008" time="2.376"/>
  <testcase classname="OpenCart.Validate_Registration_functionality" name="TC_RF_006" time="3.356"/>
  <testcase classname="OpenCart.Validate_Registration_functionality" name="TC_RF_009" time="1.712"/>
  <testcase classname="OpenCart.Validate_Registration_functionality" name="TC_RF_001" time="3.367"/>
  <testcase classname="OpenCart.Validate_Registration_functionality" name="TC_RF_015" time="0.593"/>
  <testcase classname="OpenCart.Validate_Registration_functionality" name="TC_RF_004" time="2.014"/>
  <testcase classname="OpenCart.Validate_Registration_functionality" name="TC_RF_012" time="3.179"/>
  <testcase classname="OpenCart.Validate_Registration_functionality" name="TC_RF_005" time="3.272"/>
  <testcase classname="OpenCart.Validate_Registration_functionality" name="TC_RF_013" time="0.720"/>
</testsuite> <!-- OpenCart.Validate_Registration_functionality -->
