<?xml version="1.0" encoding="UTF-8"?>
<!-- Generated by org.testng.reporters.JUnitReportReporter -->
<testsuite hostname="DESKTOP-TIVA8EK" failures="0" tests="2" name="OpenCart.TS_003_LogoutFunctionality" time="9.952" errors="0" timestamp="2024-08-12T18:49:06 PKT" skipped="0">
  <testcase classname="OpenCart.TS_003_LogoutFunctionality" name="TC_LG_002" time="3.780"/>
  <testcase classname="OpenCart.TS_003_LogoutFunctionality" name="TC_LG_001" time="6.172"/>
</testsuite> <!-- OpenCart.TS_003_LogoutFunctionality -->
