<?xml version="1.0" encoding="UTF-8"?>
<!-- Generated by org.testng.reporters.JUnitReportReporter -->
<testsuite hostname="DESKTOP-TIVA8EK" failures="0" tests="1" name="OpenCart.Logout" time="0.006" errors="0" timestamp="2024-08-07T14:21:31 PKT" skipped="0">
  <testcase classname="OpenCart.Logout" name="logout" time="0.006"/>
</testsuite> <!-- OpenCart.Logout -->
