<?xml version="1.0" encoding="UTF-8"?>
<!-- Generated by org.testng.reporters.JUnitReportReporter -->
<testsuite hostname="DESKTOP-TIVA8EK" failures="0" tests="1" name="OpenCart.VisitLoginPage" time="3.229" errors="0" timestamp="2024-07-29T15:18:11 PKT" skipped="0">
  <testcase classname="OpenCart.VisitLoginPage" name="visitLogin" time="3.229"/>
</testsuite> <!-- OpenCart.VisitLoginPage -->
